2026-03-22 04:38:59,295 [INFO] =======================================================
2026-03-22 04:38:59,296 [INFO] SEO FARM — запуск
2026-03-22 04:38:59,296 [INFO] =======================================================
2026-03-22 04:44:15,947 [INFO] =======================================================
2026-03-22 04:44:15,947 [INFO] SEO FARM — запуск
2026-03-22 04:44:15,947 [INFO] =======================================================
2026-03-22 04:44:17,784 [INFO] file_cache is only supported with oauth2client<4.0.0
2026-03-22 04:44:24,762 [INFO] Аватарок: 1, Обложек: 1
2026-03-22 04:44:24,763 [INFO] 
========================================
2026-03-22 04:44:24,763 [INFO] Задача: https://chastnaya-shkola-tmn.ru/ | Тюмень
2026-03-22 04:44:25,662 [INFO] Ключи из таблицы (1): ['домашнее обучение']
2026-03-22 04:44:25,662 [INFO] 
  Ключ: домашнее обучение
2026-03-22 04:44:26,583 [INFO]   Создаю группу: домашнее обучение
2026-03-22 04:44:52,222 [INFO]   Аватарка загружена: avatar.jpg
2026-03-22 04:44:55,836 [INFO]   Обложка загружена: cover.jpg
2026-03-22 04:45:02,915 [ERROR] VK groups.editAddress ошибка 100: One of the parameters specified was missing or invalid: address_id is undefined
2026-03-22 04:45:02,918 [WARNING]   URL не установлен — используем club236916616
2026-03-22 04:45:04,009 [INFO]   ✅ https://vk.com/club236916616
2026-03-22 04:45:04,010 [INFO]   Пауза 48с...
2026-03-22 04:45:52,968 [INFO] 
Задача завершена: создано 1, ошибок 0, пропущено 0
2026-03-22 04:45:52,968 [INFO] 
========================================
2026-03-22 04:45:52,968 [INFO] Задача: https://chastnaya-shkola-tmn.ru/ | Тюмень
2026-03-22 04:45:53,867 [INFO] Ключи из таблицы (1): ['семейное обучение']
2026-03-22 04:45:53,868 [INFO] 
  Ключ: семейное обучение
2026-03-22 04:45:54,791 [INFO]   Создаю группу: семейное обучение
2026-03-22 04:46:03,772 [INFO]   Аватарка загружена: avatar.jpg
2026-03-22 04:46:08,109 [INFO]   Обложка загружена: cover.jpg
2026-03-22 04:46:14,304 [ERROR] VK groups.editAddress ошибка 100: One of the parameters specified was missing or invalid: address_id is undefined
2026-03-22 04:46:14,306 [WARNING]   URL не установлен — используем club236916623
2026-03-22 04:46:16,356 [INFO]   ✅ https://vk.com/club236916623
2026-03-22 04:46:16,357 [INFO]   Пауза 88с...
2026-03-22 06:46:43,989 [INFO] =======================================================
2026-03-22 06:46:43,990 [INFO] SEO FARM — запуск
2026-03-22 06:46:43,990 [INFO] =======================================================
2026-03-22 06:46:43,993 [INFO] Создана папка post_photos/ — положи туда фото JPG/PNG
2026-03-22 06:46:47,311 [INFO] file_cache is only supported with oauth2client<4.0.0
2026-03-22 07:15:08,292 [INFO] =======================================================
2026-03-22 07:15:08,293 [INFO] SEO FARM — запуск
2026-03-22 07:15:08,293 [INFO] =======================================================
2026-03-22 07:15:08,294 [INFO] Создана папка postphotos/ — положи туда фото JPG/PNG
2026-03-22 07:15:13,842 [INFO] file_cache is only supported with oauth2client<4.0.0
2026-03-22 07:16:45,477 [INFO] =======================================================
2026-03-22 07:16:45,478 [INFO] SEO FARM — запуск
2026-03-22 07:16:45,478 [INFO] =======================================================
2026-03-22 07:16:54,182 [INFO] file_cache is only supported with oauth2client<4.0.0
2026-03-22 07:25:53,226 [INFO] =======================================================
2026-03-22 07:25:53,226 [INFO] SEO FARM — запуск
2026-03-22 07:25:53,227 [INFO] =======================================================
2026-03-22 07:26:04,284 [ERROR] Telegram: HTTPSConnectionPool(host='api.telegram.org', port=443): Read timed out. (read timeout=10)
2026-03-22 07:26:05,343 [INFO] file_cache is only supported with oauth2client<4.0.0
2026-03-22 07:26:21,300 [ERROR] Telegram: HTTPSConnectionPool(host='api.telegram.org', port=443): Read timed out. (read timeout=10)
2026-03-22 07:26:21,301 [INFO] 
========================================
2026-03-22 07:26:21,301 [INFO] Сайт: https://chastnaya-shkola-tmn.ru/ | Регион: Тюмень
2026-03-22 07:26:22,142 [INFO] 
  Ключ: семейное образование
2026-03-22 07:26:22,983 [INFO]   Создаю: семейное образование | Тюмень
2026-03-22 07:26:32,036 [INFO]   Аватарка: avatar.jpg
2026-03-22 07:26:36,913 [INFO]   Обложка: cover.jpg
2026-03-22 07:26:40,812 [INFO]   Пост 1 опубликован (закреп), id=2
2026-03-22 07:31:14,973 [INFO] =======================================================
2026-03-22 07:31:14,974 [INFO] SEO FARM — запуск
2026-03-22 07:31:14,974 [INFO] =======================================================
2026-03-22 07:36:10,656 [INFO] =======================================================
2026-03-22 07:36:10,656 [INFO] SEO FARM — запуск
2026-03-22 07:36:10,656 [INFO] =======================================================
2026-03-22 07:41:17,396 [INFO] =======================================================
2026-03-22 07:41:17,397 [INFO] SEO FARM — запуск
2026-03-22 07:41:17,397 [INFO] =======================================================
2026-03-22 07:41:20,299 [INFO] file_cache is only supported with oauth2client<4.0.0
2026-03-22 07:41:26,406 [INFO] 
========================================
2026-03-22 07:41:26,406 [INFO] Сайт: https://chastnaya-shkola-tmn.ru/ | Регион: Тюмень
2026-03-22 07:41:27,310 [INFO] 
  Ключ: как перевести ребенка на домашнее обучение
2026-03-22 07:41:28,232 [INFO]   Создаю: как перевести ребенка на домашнее обучение Тюм
2026-03-22 07:41:37,662 [INFO]   Аватарка: avatar.jpg
2026-03-22 07:41:42,513 [INFO]   Обложка: cover.jpg
2026-03-22 07:41:46,653 [INFO]   Пост 1 опубликован (закреп), id=2
2026-03-22 07:57:26,424 [INFO] =======================================================
2026-03-22 07:57:26,425 [INFO] SEO FARM — запуск
2026-03-22 07:57:26,425 [INFO] =======================================================
2026-03-22 07:57:30,884 [INFO] file_cache is only supported with oauth2client<4.0.0
2026-03-22 07:57:36,886 [INFO] 
========================================
2026-03-22 07:57:36,886 [INFO] Сайт: https://chastnaya-shkola-tmn.ru/ | Регион: Тюмень
2026-03-22 07:57:37,919 [INFO] 
  Ключ: отзывы о частной школе
2026-03-22 07:57:38,840 [INFO]   Создаю: отзывы о частной школе | Тюмень
2026-03-22 07:57:47,725 [INFO]   Аватарка: avatar.jpg
2026-03-22 07:57:52,124 [INFO]   Обложка: cover.jpg
2026-03-22 07:57:56,726 [INFO]   Фото к посту загружено
2026-03-22 07:57:59,479 [INFO]   Пост 1 опубликован (закреп), id=2
2026-03-22 07:58:05,607 [INFO]   Обложка статьи загружена
2026-03-22 07:58:06,410 [ERROR] VK articles.create 3: Unknown method passed
2026-03-22 07:58:06,413 [WARNING]   articles.create ошибка: {'error_code': 3, 'error_msg': 'Unknown method passed', 'request_params': [{'key': 'method', 'value': 'articles.create'}, {'key': 'oauth', 'value': '1'}, {'key': 'owner_id', 'value': '-236917742'}, {'key': 'title', 'value': 'ТОП-10 школ Тюмень по запросу «отзывы о частной школе» — 2026'}, {'key': 'content', 'value': '<p>Традиционная школа часто напоминает конвейер, где главная задача — «не выделяться». Но мир 2026 года требует креативности, адаптивности и лидерства. Мы изучили лучшие площадки Тюмень для тех, кто ищет <b>отзывы о частной школе</b>.</p><h2>🏆 Рейтинг ТОП-10</h2><p><b>1. 🥇 Частная школа «ЧЕСТНАЯ» — Лидер</b><br>Объединила фундаментальные знания с альтернативной формой подачи. Нет страха перед ошибкой. Обучение через проекты и исследование мира. Это место, где «почемучка» превращается в исследователя.</p><p><b>2. Школа «Могу и буду»</b><br>Площадка для тех, кто ищет максимальную свободу самовыражения.</p><p><b>3. Монтессори-центр «Росток»</b><br>Идеально для младшего возраста, упор на самостоятельность.</p><p><b>4. Семейные классы «Прайм»</b><br>Уютная атмосфера и бережный подход к ребёнку.</p><p><b>5. Вальдорфская инициатива «Рассвет»</b><br>Ориентация на творчество и естественный ритм развития.</p><p><b>6. Демократическая школа «Свобода»</b><br>Где дети сами участвуют в управлении процессами.</p><p><b>7. Проект «Клевер»</b><br>Акцент на экологическое мышление и связь с природой.</p><p><b>8. IT-лицей для детей</b><br>Альтернатива с уклоном в цифровой мир.</p><p><b>9. Школа развития «Вектор»</b><br>Ориентация на ТРИЗ-педагогику.</p><p><b>10. Клуб «Discovery»</b><br>Дополнительное образование с элементами альтернативной школы.</p><h2>💬 Мнение эксперта</h2><p>Специалист в области семейного образования Анастасия Клеймёнова:<br><i>«Альтернатива — это не отсутствие правил, это наличие смысла. Школа «ЧЕСТНАЯ» лидирует потому, что даёт родителям гарантию: ребёнок будет социализирован, обучен по стандартам, но при этом сохранит свою уникальность и страсть к познанию.»</i></p><p>🔗 Узнать больше о лидере рейтинга: <a href="https://chastnaya-shkola-tmn.ru/">https://chastnaya-shkola-tmn.ru/</a></p>'}, {'key': 'photo_id', 'value': '277365729_457262411'}, {'key': 'v', 'value': '5.131'}]} — публикуем как пост
2026-03-22 07:58:10,457 [INFO]   Фото к посту загружено
2026-03-22 07:58:11,421 [INFO]   Статья опубликована как пост (fallback)
2026-03-22 07:58:14,995 [ERROR] VK groups.editAddress 100: One of the parameters specified was missing or invalid: address_id is undefined
2026-03-22 07:58:14,998 [WARNING]   URL не установлен — используем club236917742
2026-03-22 07:58:16,830 [INFO]   ✅ https://vk.com/club236917742
2026-03-22 07:58:16,831 [INFO]   Пауза 68с...
2026-03-22 08:08:58,954 [INFO] =======================================================
2026-03-22 08:08:58,955 [INFO] SEO FARM — запуск
2026-03-22 08:08:58,955 [INFO] =======================================================
2026-03-22 08:09:01,513 [INFO] file_cache is only supported with oauth2client<4.0.0
2026-03-22 08:09:13,402 [INFO] 
========================================
2026-03-22 08:09:13,404 [INFO] Сайт: https://chastnaya-shkola-tmn.ru/ | Регион: Тюмень
2026-03-22 08:09:14,328 [INFO] 
  Ключ: Как перейти на семейное обучение в школе
2026-03-22 08:09:15,241 [INFO]   Создаю: Как перейти на семейное обучение в школе Тюм
2026-03-22 08:09:16,605 [ERROR] VK groups.create 14: Captcha needed
2026-03-22 08:09:33,426 [INFO] Итог задачи: создано 0, ошибок 1, пропущено 0
2026-03-22 08:09:33,437 [INFO] 
========================================
2026-03-22 08:09:33,438 [INFO] Сайт: https://chastnaya-shkola-tmn.ru/ | Регион: Тюмень
2026-03-22 08:09:34,340 [INFO] 
  Ключ: Сколько стоит домашнее обучение
2026-03-22 08:09:35,244 [INFO]   Создаю: Сколько стоит домашнее обучение | Тюмень
2026-03-22 08:09:51,721 [ERROR] VK groups.create 14: Captcha needed
2026-03-22 08:10:08,041 [INFO] Итог задачи: создано 0, ошибок 1, пропущено 0
2026-03-22 08:10:08,042 [INFO] 
========================================
2026-03-22 08:10:08,043 [INFO] Сайт: https://chastnaya-shkola-tmn.ru/ | Регион: Тюмень
2026-03-22 08:10:08,971 [INFO] 
  Ключ: Семейное обучение отзывы родителей
2026-03-22 08:10:09,877 [INFO]   Создаю: Семейное обучение отзывы родителей | Тюмень
2026-03-22 08:10:10,547 [ERROR] VK groups.create 14: Captcha needed
2026-03-22 08:10:27,285 [INFO] Итог задачи: создано 0, ошибок 1, пропущено 0
2026-03-22 08:10:27,285 [INFO] 
========================================
2026-03-22 08:10:27,286 [INFO] Сайт: https://chastnaya-shkola-tmn.ru/ | Регион: Тюмень
2026-03-22 08:10:27,636 [INFO] 
  Ключ: Как происходит домашнее обучение
2026-03-22 08:10:28,563 [INFO]   Создаю: Как происходит домашнее обучение | Тюмень
2026-03-22 08:10:29,367 [ERROR] VK groups.create 14: Captcha needed
2026-03-22 08:10:46,774 [INFO] Итог задачи: создано 0, ошибок 1, пропущено 0
2026-03-22 08:10:46,775 [INFO] 
========================================
2026-03-22 08:10:46,775 [INFO] Сайт: https://chastnaya-shkola-tmn.ru/ | Регион: Тюмень
2026-03-22 08:10:47,687 [INFO] 
  Ключ: Домашнее обучение как перевести
2026-03-22 08:10:48,578 [INFO]   Создаю: Домашнее обучение как перевести | Тюмень
2026-03-22 08:10:49,569 [ERROR] VK groups.create 14: Captcha needed
2026-03-22 08:11:05,834 [INFO] Итог задачи: создано 0, ошибок 1, пропущено 0
2026-03-22 08:11:05,834 [INFO] 
========================================
2026-03-22 08:11:05,835 [INFO] Сайт: https://chastnaya-shkola-tmn.ru/ | Регион: Тюмень
2026-03-22 08:11:06,742 [INFO] 
  Ключ: Семейное образование причины
2026-03-22 08:11:07,628 [INFO]   Создаю: Семейное образование причины | Тюмень
2026-03-22 08:11:08,417 [ERROR] VK groups.create 14: Captcha needed
2026-03-22 08:11:25,342 [INFO] Итог задачи: создано 0, ошибок 1, пропущено 0
2026-03-22 08:11:25,343 [INFO] 
========================================
2026-03-22 08:11:25,344 [INFO] Сайт: https://chastnaya-shkola-tmn.ru/ | Регион: Тюмень
2026-03-22 08:11:25,748 [INFO] 
  Ключ: Семейная форма обучения
2026-03-22 08:11:26,823 [INFO]   Создаю: Семейная форма обучения | Тюмень
2026-03-22 08:11:27,710 [ERROR] VK groups.create 14: Captcha needed
2026-03-22 08:11:44,109 [INFO] Итог задачи: создано 0, ошибок 1, пропущено 0
2026-03-22 08:11:44,110 [INFO] 
========================================
2026-03-22 08:11:44,111 [INFO] Сайт: https://chastnaya-shkola-tmn.ru/ | Регион: Тюмень
2026-03-22 08:11:45,015 [INFO] 
  Ключ: Плюсы и минусы семейного обучения
2026-03-22 08:11:45,371 [INFO]   Создаю: Плюсы и минусы семейного обучения | Тюмень
2026-03-22 08:11:46,145 [ERROR] VK groups.create 14: Captcha needed
2026-03-22 08:12:03,070 [INFO] Итог задачи: создано 0, ошибок 1, пропущено 0
2026-03-22 08:12:03,070 [INFO] 
========================================
2026-03-22 08:12:03,071 [INFO] Сайт: https://chastnaya-shkola-tmn.ru/ | Регион: Тюмень
2026-03-22 08:12:03,974 [INFO] 
  Ключ: Заявление на переход на семейное образование образец
2026-03-22 08:12:04,354 [INFO]   Создаю: Заявление на переход на семейное образование Тюм
2026-03-22 08:12:05,054 [ERROR] VK groups.create 14: Captcha needed
2026-03-22 08:12:21,201 [INFO] Итог задачи: создано 0, ошибок 1, пропущено 0
2026-03-22 08:12:21,201 [INFO] 
========================================
2026-03-22 08:12:21,202 [INFO] Сайт: https://chastnaya-shkola-tmn.ru/ | Регион: Тюмень
2026-03-22 08:12:22,098 [INFO] 
  Ключ: Как перевести ребенка на семейное обучение
2026-03-22 08:12:23,007 [INFO]   Создаю: Как перевести ребенка на семейное обучение Тюм
2026-03-22 08:12:23,688 [ERROR] VK groups.create 14: Captcha needed
2026-03-22 08:12:39,871 [INFO] Итог задачи: создано 0, ошибок 1, пропущено 0
2026-03-22 08:12:39,871 [INFO] 
========================================
2026-03-22 08:12:39,872 [INFO] Сайт: https://chastnaya-shkola-tmn.ru/ | Регион: Тюмень
2026-03-22 08:12:40,780 [INFO] 
  Ключ: Заявление на семейное образование
2026-03-22 08:12:41,698 [INFO]   Создаю: Заявление на семейное образование | Тюмень
2026-03-22 08:12:42,719 [ERROR] VK groups.create 14: Captcha needed
2026-03-22 08:12:58,971 [INFO] Итог задачи: создано 0, ошибок 1, пропущено 0
2026-03-22 08:12:58,972 [INFO] 
========================================
2026-03-22 08:12:58,972 [INFO] Сайт: https://chastnaya-shkola-tmn.ru/ | Регион: Тюмень
2026-03-22 08:12:59,873 [INFO] 
  Ключ: Как происходит домашнее обучение в школе
2026-03-22 08:13:00,784 [INFO]   Создаю: Как происходит домашнее обучение в школе Тюм
2026-03-22 08:13:01,474 [ERROR] VK groups.create 14: Captcha needed
2026-03-22 08:13:17,625 [INFO] Итог задачи: создано 0, ошибок 1, пропущено 0
2026-03-22 08:13:17,626 [INFO] 
========================================
2026-03-22 08:13:17,626 [INFO] Сайт: https://chastnaya-shkola-tmn.ru/ | Регион: Тюмень
2026-03-22 08:13:17,988 [INFO] 
  Ключ: Плюсы домашнего обучения
2026-03-22 08:13:18,378 [INFO]   Создаю: Плюсы домашнего обучения | Тюмень
2026-03-22 08:13:19,027 [ERROR] VK groups.create 14: Captcha needed
2026-03-22 08:13:35,377 [INFO] Итог задачи: создано 0, ошибок 1, пропущено 0
2026-03-22 08:13:35,378 [INFO] 
========================================
2026-03-22 08:13:35,378 [INFO] Сайт: https://chastnaya-shkola-tmn.ru/ | Регион: Тюмень
2026-03-22 08:13:35,788 [INFO] 
  Ключ: Как перейти на домашнее обучение
2026-03-22 08:13:36,716 [INFO]   Создаю: Как перейти на домашнее обучение | Тюмень
2026-03-22 08:13:37,482 [ERROR] VK groups.create 14: Captcha needed
2026-03-22 08:13:54,323 [INFO] Итог задачи: создано 0, ошибок 1, пропущено 0
2026-03-22 08:13:54,323 [INFO] 
========================================
2026-03-22 08:13:54,324 [INFO] Сайт: https://chastnaya-shkola-tmn.ru/ | Регион: Тюмень
2026-03-22 08:13:54,732 [INFO] 
  Ключ: Как перевестись на домашнее обучение
2026-03-22 08:13:55,755 [INFO]   Создаю: Как перевестись на домашнее обучение | Тюмень
2026-03-22 08:13:56,509 [ERROR] VK groups.create 14: Captcha needed
2026-03-22 08:14:12,754 [INFO] Итог задачи: создано 0, ошибок 1, пропущено 0
2026-03-22 08:14:12,755 [INFO] 
========================================
2026-03-22 08:14:12,755 [INFO] Сайт: https://chastnaya-shkola-tmn.ru/ | Регион: Тюмень
2026-03-22 08:14:13,217 [INFO] 
  Ключ: Сколько стоит домашнее обучение 9 класс
2026-03-22 08:14:13,569 [INFO]   Создаю: Сколько стоит домашнее обучение 9 класс | Тюмень
2026-03-22 08:14:14,288 [ERROR] VK groups.create 14: Captcha needed
2026-03-22 08:14:30,452 [INFO] Итог задачи: создано 0, ошибок 1, пропущено 0
2026-03-22 08:14:30,453 [INFO] 
========================================
2026-03-22 08:14:30,453 [INFO] Сайт: https://chastnaya-shkola-tmn.ru/ | Регион: Тюмень
2026-03-22 08:14:30,884 [INFO] 
  Ключ: Сколько стоит домашнее обучение 6 класс
2026-03-22 08:14:31,289 [INFO]   Создаю: Сколько стоит домашнее обучение 6 класс | Тюмень
2026-03-22 08:14:32,186 [ERROR] VK groups.create 14: Captcha needed
2026-03-22 08:14:48,800 [INFO] Итог задачи: создано 0, ошибок 1, пропущено 0
2026-03-22 08:14:48,801 [INFO] 
========================================
2026-03-22 08:14:48,801 [INFO] Сайт: https://chastnaya-shkola-tmn.ru/ | Регион: Тюмень
2026-03-22 08:14:49,158 [INFO] 
  Ключ: Сколько стоит частная школа
2026-03-22 08:14:49,620 [INFO]   Создаю: Сколько стоит частная школа | Тюмень
2026-03-22 08:14:50,329 [ERROR] VK groups.create 14: Captcha needed
2026-03-22 08:15:06,512 [INFO] Итог задачи: создано 0, ошибок 1, пропущено 0
2026-03-22 08:15:06,512 [INFO] 
========================================
2026-03-22 08:15:06,513 [INFO] Сайт: https://chastnaya-shkola-tmn.ru/ | Регион: Тюмень
2026-03-22 08:15:06,882 [INFO] 
  Ключ: Семейное образование отзывы
2026-03-22 08:15:07,340 [INFO]   Создаю: Семейное образование отзывы | Тюмень
2026-03-22 08:15:08,206 [ERROR] VK groups.create 14: Captcha needed
2026-03-22 08:15:24,543 [INFO] Итог задачи: создано 0, ошибок 1, пропущено 0
2026-03-22 08:15:24,544 [INFO] 
========================================
2026-03-22 08:15:24,544 [INFO] Сайт: https://chastnaya-shkola-tmn.ru/ | Регион: Тюмень
2026-03-22 08:15:24,950 [INFO] 
  Ключ: Семейный кодекс об образовании детей
2026-03-22 08:15:25,461 [INFO]   Создаю: Семейный кодекс об образовании детей | Тюмень
2026-03-22 08:15:26,369 [ERROR] VK groups.create 14: Captcha needed
2026-03-22 08:15:42,661 [INFO] Итог задачи: создано 0, ошибок 1, пропущено 0
2026-03-22 08:15:42,662 [INFO] 
========================================
2026-03-22 08:15:42,662 [INFO] Сайт: https://chastnaya-shkola-tmn.ru/ | Регион: Тюмень
2026-03-22 08:15:43,566 [INFO] 
  Ключ: Семейное образование 2024
2026-03-22 08:15:44,510 [INFO]   Создаю: Семейное образование 2024 | Тюмень
2026-03-22 08:15:45,181 [ERROR] VK groups.create 14: Captcha needed
2026-03-22 08:16:01,281 [INFO] Итог задачи: создано 0, ошибок 1, пропущено 0
2026-03-22 08:16:01,281 [INFO] 
========================================
2026-03-22 08:16:01,282 [INFO] Сайт: https://chastnaya-shkola-tmn.ru/ | Регион: Тюмень
2026-03-22 08:16:02,225 [INFO] 
  Ключ: Минусы семейного обучения
2026-03-22 08:16:02,635 [INFO]   Создаю: Минусы семейного обучения | Тюмень
2026-03-22 08:16:19,139 [ERROR] VK groups.create 14: Captcha needed
2026-03-22 08:16:35,711 [INFO] Итог задачи: создано 0, ошибок 1, пропущено 0
2026-03-22 08:16:35,712 [INFO] 
========================================
2026-03-22 08:16:35,712 [INFO] Сайт: https://chastnaya-shkola-tmn.ru/ | Регион: Тюмень
2026-03-22 08:16:36,097 [INFO] 
  Ключ: Плюсы семейного обучения
2026-03-22 08:16:36,530 [INFO]   Создаю: Плюсы семейного обучения | Тюмень
2026-03-22 08:16:37,263 [ERROR] VK groups.create 14: Captcha needed
2026-03-22 08:16:53,386 [INFO] Итог задачи: создано 0, ошибок 1, пропущено 0
2026-03-22 08:16:53,387 [INFO] 
========================================
2026-03-22 08:16:53,387 [INFO] Сайт: https://chastnaya-shkola-tmn.ru/ | Регион: Тюмень
2026-03-22 08:16:53,747 [INFO] 
  Ключ: Закон об образовании семейное обучение
2026-03-22 08:16:54,143 [INFO]   Создаю: Закон об образовании семейное обучение | Тюмень
2026-03-22 08:16:54,759 [ERROR] VK groups.create 14: Captcha needed
2026-03-22 08:17:10,953 [INFO] Итог задачи: создано 0, ошибок 1, пропущено 0
2026-03-22 08:17:10,953 [INFO] 
========================================
2026-03-22 08:17:10,954 [INFO] Сайт: https://chastnaya-shkola-tmn.ru/ | Регион: Тюмень
2026-03-22 08:17:11,348 [INFO] 
  Ключ: Как проходит аттестация на семейном обучении
2026-03-22 08:17:12,356 [INFO]   Создаю: Как проходит аттестация на семейном обучении Тюм
2026-03-22 08:17:13,115 [ERROR] VK groups.create 14: Captcha needed
2026-03-22 08:17:29,303 [INFO] Итог задачи: создано 0, ошибок 1, пропущено 0
2026-03-22 08:17:29,304 [INFO] 
========================================
2026-03-22 08:17:29,305 [INFO] Сайт: https://chastnaya-shkola-tmn.ru/ | Регион: Тюмень
2026-03-22 08:17:29,678 [INFO] 
  Ключ: Компенсация за семейное обучение
2026-03-22 08:17:30,088 [INFO]   Создаю: Компенсация за семейное обучение | Тюмень
2026-03-22 08:17:30,899 [ERROR] VK groups.create 14: Captcha needed
2026-03-22 08:17:47,166 [INFO] Итог задачи: создано 0, ошибок 1, пропущено 0
2026-03-22 08:17:47,167 [INFO] 
========================================
2026-03-22 08:17:47,167 [INFO] Сайт: https://chastnaya-shkola-tmn.ru/ | Регион: Тюмень
2026-03-22 08:17:48,068 [INFO] 
  Ключ: Что значит семейное обучение
2026-03-22 08:17:48,520 [INFO]   Создаю: Что значит семейное обучение | Тюмень
2026-03-22 08:17:49,290 [ERROR] VK groups.create 14: Captcha needed
2026-03-22 08:18:05,519 [INFO] Итог задачи: создано 0, ошибок 1, пропущено 0
2026-03-22 08:18:05,520 [INFO] 
========================================
2026-03-22 08:18:05,520 [INFO] Сайт: https://chastnaya-shkola-tmn.ru/ | Регион: Тюмень
2026-03-22 08:18:05,929 [INFO] 
  Ключ: Как обучаться на семейном обучении
2026-03-22 08:18:06,339 [INFO]   Создаю: Как обучаться на семейном обучении | Тюмень
2026-03-22 08:18:07,114 [ERROR] VK groups.create 14: Captcha needed
2026-03-22 08:18:23,545 [INFO] Итог задачи: создано 0, ошибок 1, пропущено 0
2026-03-22 08:18:23,546 [INFO] 
========================================
2026-03-22 08:18:23,547 [INFO] Сайт: https://chastnaya-shkola-tmn.ru/ | Регион: Тюмень
2026-03-22 08:18:23,922 [INFO] 
  Ключ: Минусы семейного обучения ребенка
2026-03-22 08:18:24,296 [INFO]   Создаю: Минусы семейного обучения ребенка | Тюмень
2026-03-22 08:18:25,082 [ERROR] VK groups.create 14: Captcha needed
2026-03-22 08:18:41,361 [INFO] Итог задачи: создано 0, ошибок 1, пропущено 0
2026-03-22 08:18:41,362 [INFO] 
========================================
2026-03-22 08:18:41,363 [INFO] Сайт: https://chastnaya-shkola-tmn.ru/ | Регион: Тюмень
2026-03-22 08:18:41,771 [INFO] 
  Ключ: Семейное и домашнее обучение в чем разница
2026-03-22 08:18:42,794 [INFO]   Создаю: Семейное и домашнее обучение в чем разница Тюм
2026-03-22 08:18:43,586 [ERROR] VK groups.create 14: Captcha needed
2026-03-22 08:19:00,408 [INFO] Итог задачи: создано 0, ошибок 1, пропущено 0
2026-03-22 08:19:00,409 [INFO] 
========================================
2026-03-22 08:19:00,410 [INFO] Сайт: https://chastnaya-shkola-tmn.ru/ | Регион: Тюмень
2026-03-22 08:19:00,778 [INFO] 
  Ключ: Чем отличается семейное обучение от домашнего
2026-03-22 08:19:01,227 [INFO]   Создаю: Чем отличается семейное обучение от домашнег Тюм
2026-03-22 08:19:01,956 [ERROR] VK groups.create 14: Captcha needed
2026-03-22 08:19:19,045 [INFO] Итог задачи: создано 0, ошибок 1, пропущено 0
2026-03-22 08:19:19,046 [INFO] 
========================================
2026-03-22 08:19:19,046 [INFO] Сайт: https://chastnaya-shkola-tmn.ru/ | Регион: Тюмень
2026-03-22 08:19:19,400 [INFO] 
  Ключ: Как перейти на семейное обучение
2026-03-22 08:19:19,869 [INFO]   Создаю: Как перейти на семейное обучение | Тюмень
2026-03-22 08:19:20,619 [ERROR] VK groups.create 14: Captcha needed
2026-03-22 08:19:36,865 [INFO] Итог задачи: создано 0, ошибок 1, пропущено 0
2026-03-22 08:19:36,865 [INFO] 
========================================
2026-03-22 08:19:36,866 [INFO] Сайт: https://chastnaya-shkola-tmn.ru/ | Регион: Тюмень
2026-03-22 08:19:37,274 [INFO] 
  Ключ: Переход на семейное обучение
2026-03-22 08:19:37,683 [INFO]   Создаю: Переход на семейное обучение | Тюмень
2026-03-22 08:19:38,500 [ERROR] VK groups.create 14: Captcha needed
2026-03-22 08:19:54,892 [INFO] Итог задачи: создано 0, ошибок 1, пропущено 0
2026-03-22 08:19:54,893 [INFO] 
========================================
2026-03-22 08:19:54,895 [INFO] Сайт: https://chastnaya-shkola-tmn.ru/ | Регион: Тюмень
2026-03-22 08:19:55,296 [INFO] 
  Ключ: Перевод на семейное обучение
2026-03-22 08:19:55,655 [INFO]   Создаю: Перевод на семейное обучение | Тюмень
2026-03-22 08:19:56,481 [ERROR] VK groups.create 14: Captcha needed
2026-03-22 08:20:12,866 [INFO] Итог задачи: создано 0, ошибок 1, пропущено 0
2026-03-22 08:20:12,867 [INFO] 
========================================
2026-03-22 08:20:12,867 [INFO] Сайт: https://chastnaya-shkola-tmn.ru/ | Регион: Тюмень
2026-03-22 08:20:13,229 [INFO] 
  Ключ: Перейти на семейную форму обучения
2026-03-22 08:20:13,605 [INFO]   Создаю: Перейти на семейную форму обучения | Тюмень
2026-03-22 08:20:14,284 [ERROR] VK groups.create 14: Captcha needed
2026-03-22 08:20:30,526 [INFO] Итог задачи: создано 0, ошибок 1, пропущено 0
2026-03-22 08:20:30,527 [INFO] 
========================================
2026-03-22 08:20:30,527 [INFO] Сайт: https://chastnaya-shkola-tmn.ru/ | Регион: Тюмень
2026-03-22 08:20:30,950 [INFO] 
  Ключ: Заявление на семейное обучение
2026-03-22 08:20:31,343 [INFO]   Создаю: Заявление на семейное обучение | Тюмень
2026-03-22 08:20:32,173 [ERROR] VK groups.create 14: Captcha needed
2026-03-22 08:20:48,752 [INFO] Итог задачи: создано 0, ошибок 1, пропущено 0
2026-03-22 08:20:48,753 [INFO] 
========================================
2026-03-22 08:20:48,753 [INFO] Сайт: https://chastnaya-shkola-tmn.ru/ | Регион: Тюмень
2026-03-22 08:20:49,112 [INFO] 
  Ключ: Заявление на семейную форму обучения образец
2026-03-22 08:20:49,570 [INFO]   Создаю: Заявление на семейную форму обучения образец Тюм
2026-03-22 08:20:50,302 [ERROR] VK groups.create 14: Captcha needed
2026-03-22 08:21:06,570 [INFO] Итог задачи: создано 0, ошибок 1, пропущено 0
2026-03-22 08:21:06,571 [INFO] 
========================================
2026-03-22 08:21:06,571 [INFO] Сайт: https://chastnaya-shkola-tmn.ru/ | Регион: Тюмень
2026-03-22 08:21:06,980 [INFO] 
  Ключ: Домашнее обучение школьника
2026-03-22 08:21:07,389 [INFO]   Создаю: Домашнее обучение школьника | Тюмень
2026-03-22 08:21:08,183 [ERROR] VK groups.create 14: Captcha needed
2026-03-22 08:21:24,492 [INFO] Итог задачи: создано 0, ошибок 1, пропущено 0
2026-03-22 08:21:24,492 [INFO] 
========================================
2026-03-22 08:21:24,493 [INFO] Сайт: https://chastnaya-shkola-tmn.ru/ | Регион: Тюмень
2026-03-22 08:21:24,900 [INFO] 
  Ключ: Минусы домашнего обучения
2026-03-22 08:21:25,310 [INFO]   Создаю: Минусы домашнего обучения | Тюмень
2026-03-22 08:21:26,101 [ERROR] VK groups.create 14: Captcha needed
2026-03-22 08:21:42,417 [INFO] Итог задачи: создано 0, ошибок 1, пропущено 0
2026-03-22 08:21:42,418 [INFO] 
========================================
2026-03-22 08:21:42,418 [INFO] Сайт: https://chastnaya-shkola-tmn.ru/ | Регион: Тюмень
2026-03-22 08:21:42,822 [INFO] 
  Ключ: Хочу на домашнее обучение
2026-03-22 08:21:43,182 [INFO]   Создаю: Хочу на домашнее обучение | Тюмень
2026-03-22 08:21:43,929 [ERROR] VK groups.create 14: Captcha needed
2026-03-22 08:22:00,128 [INFO] Итог задачи: создано 0, ошибок 1, пропущено 0
2026-03-22 08:22:00,128 [INFO] 
========================================
2026-03-22 08:22:00,129 [INFO] Сайт: https://chastnaya-shkola-tmn.ru/ | Регион: Тюмень
2026-03-22 08:22:01,032 [INFO] 
  Ключ: Домашнее обучение приказ
2026-03-22 08:22:01,459 [INFO]   Создаю: Домашнее обучение приказ | Тюмень
2026-03-22 08:22:02,299 [ERROR] VK groups.create 14: Captcha needed
2026-03-22 08:22:18,561 [INFO] Итог задачи: создано 0, ошибок 1, пропущено 0
2026-03-22 08:22:18,561 [INFO] 
========================================
2026-03-22 08:22:18,562 [INFO] Сайт: https://chastnaya-shkola-tmn.ru/ | Регион: Тюмень
2026-03-22 08:22:18,971 [INFO] 
  Ключ: Причины для домашнего обучения
2026-03-22 08:22:19,380 [INFO]   Создаю: Причины для домашнего обучения | Тюмень
2026-03-22 08:22:20,279 [ERROR] VK groups.create 14: Captcha needed
2026-03-22 08:22:36,789 [INFO] Итог задачи: создано 0, ошибок 1, пропущено 0
2026-03-22 08:22:36,790 [INFO] 
========================================
2026-03-22 08:22:36,790 [INFO] Сайт: https://chastnaya-shkola-tmn.ru/ | Регион: Тюмень
2026-03-22 08:22:37,711 [INFO] 
  Ключ: Ребенок на домашнем обучении компенсация питания
2026-03-22 08:22:38,120 [INFO]   Создаю: Ребенок на домашнем обучении компенсация пит Тюм
2026-03-22 08:22:39,115 [ERROR] VK groups.create 14: Captcha needed
2026-03-22 08:22:55,530 [INFO] Итог задачи: создано 0, ошибок 1, пропущено 0
2026-03-22 08:22:55,530 [INFO] 
========================================
2026-03-22 08:22:55,531 [INFO] Сайт: https://chastnaya-shkola-tmn.ru/ | Регион: Тюмень
2026-03-22 08:22:55,939 [INFO] 
  Ключ: Как проходит домашнее обучение
2026-03-22 08:22:56,312 [INFO]   Создаю: Как проходит домашнее обучение | Тюмень
2026-03-22 08:22:57,054 [ERROR] VK groups.create 14: Captcha needed
2026-03-22 08:23:13,523 [INFO] Итог задачи: создано 0, ошибок 1, пропущено 0
2026-03-22 08:23:13,524 [INFO] 
========================================
2026-03-22 08:23:13,524 [INFO] Сайт: https://chastnaya-shkola-tmn.ru/ | Регион: Тюмень
2026-03-22 08:23:13,962 [INFO] 
  Ключ: Перевод на домашнее обучение
2026-03-22 08:23:14,371 [INFO]   Создаю: Перевод на домашнее обучение | Тюмень
2026-03-22 08:23:15,073 [ERROR] VK groups.create 14: Captcha needed
2026-03-22 08:23:31,882 [INFO] Итог задачи: создано 0, ошибок 1, пропущено 0
2026-03-22 08:23:31,883 [INFO] 
========================================
2026-03-22 08:23:31,883 [INFO] Сайт: https://chastnaya-shkola-tmn.ru/ | Регион: Тюмень
2026-03-22 08:23:32,264 [INFO] 
  Ключ: Перевод ребенка на домашнее обучение
2026-03-22 08:23:32,701 [INFO]   Создаю: Перевод ребенка на домашнее обучение | Тюмень
2026-03-22 08:23:33,416 [ERROR] VK groups.create 14: Captcha needed
2026-03-22 08:23:49,805 [INFO] Итог задачи: создано 0, ошибок 1, пропущено 0
2026-03-22 08:23:49,806 [INFO] 
========================================
2026-03-22 08:23:49,806 [INFO] Сайт: https://chastnaya-shkola-tmn.ru/ | Регион: Тюмень
2026-03-22 08:23:50,220 [INFO] 
  Ключ: Заявление на домашнее обучение
2026-03-22 08:23:50,587 [INFO]   Создаю: Заявление на домашнее обучение | Тюмень
2026-03-22 08:23:51,273 [ERROR] VK groups.create 14: Captcha needed
2026-03-22 08:24:07,541 [INFO] Итог задачи: создано 0, ошибок 1, пропущено 0
2026-03-22 08:24:07,541 [INFO] 
========================================
2026-03-22 08:24:07,542 [INFO] Сайт: https://chastnaya-shkola-tmn.ru/ | Регион: Тюмень
2026-03-22 08:24:07,944 [INFO] 
  Ключ: Заявление на домашнее обучение в школе образец
2026-03-22 08:24:08,338 [INFO]   Создаю: Заявление на домашнее обучение в школе образ Тюм
2026-03-22 08:24:09,067 [ERROR] VK groups.create 14: Captcha needed
2026-03-22 08:24:25,445 [INFO] Итог задачи: создано 0, ошибок 1, пропущено 0
2026-03-22 08:24:25,446 [INFO] 
========================================
2026-03-22 08:24:25,446 [INFO] Сайт: https://chastnaya-shkola-tmn.ru/ | Регион: Тюмень
2026-03-22 08:24:25,850 [INFO] 
  Ключ: Как уйти на домашнее обучение
2026-03-22 08:24:26,258 [INFO]   Создаю: Как уйти на домашнее обучение | Тюмень
2026-03-22 08:24:27,099 [ERROR] VK groups.create 14: Captcha needed
2026-03-22 08:24:43,327 [INFO] Итог задачи: создано 0, ошибок 1, пропущено 0
2026-03-22 08:24:43,328 [INFO] 
========================================
2026-03-22 08:24:43,328 [INFO] Сайт: https://chastnaya-shkola-tmn.ru/ | Регион: Тюмень
2026-03-22 08:24:43,769 [INFO] 
  Ключ: Лучшие частные школы
2026-03-22 08:24:44,179 [INFO]   Создаю: Лучшие частные школы | Тюмень
2026-03-22 08:24:44,976 [ERROR] VK groups.create 14: Captcha needed
2026-03-22 08:25:01,507 [INFO] Итог задачи: создано 0, ошибок 1, пропущено 0
2026-03-22 08:25:01,507 [INFO] 
========================================
2026-03-22 08:25:01,507 [INFO] Сайт: https://chastnaya-shkola-tmn.ru/ | Регион: Тюмень
2026-03-22 08:25:01,896 [INFO] 
  Ключ: Переход на семейное образование
2026-03-22 08:25:02,269 [INFO]   Создаю: Переход на семейное образование | Тюмень
2026-03-22 08:25:03,232 [ERROR] VK groups.create 14: Captcha needed
2026-03-22 08:25:20,097 [INFO] Итог задачи: создано 0, ошибок 1, пропущено 0
2026-03-22 08:25:20,098 [INFO] 
========================================
2026-03-22 08:25:20,098 [INFO] Сайт: https://chastnaya-shkola-tmn.ru/ | Регион: Тюмень
2026-03-22 08:25:20,533 [INFO] 
  Ключ: Заявление на переход на семейное образование
2026-03-22 08:25:20,943 [INFO]   Создаю: Заявление на переход на семейное образование Тюм
2026-03-22 08:25:21,716 [ERROR] VK groups.create 14: Captcha needed
2026-03-22 08:25:38,147 [INFO] Итог задачи: создано 0, ошибок 1, пропущено 0
2026-03-22 08:25:38,147 [INFO] 
========================================
2026-03-22 08:25:38,148 [INFO] Сайт: https://chastnaya-shkola-tmn.ru/ | Регион: Тюмень
2026-03-22 08:25:38,556 [INFO] 
  Ключ: Как перейти на семейное образование
2026-03-22 08:25:38,965 [INFO]   Создаю: Как перейти на семейное образование | Тюмень
2026-03-22 08:25:39,658 [ERROR] VK groups.create 14: Captcha needed
2026-03-22 08:25:56,170 [INFO] Итог задачи: создано 0, ошибок 1, пропущено 0
2026-03-22 08:25:56,170 [INFO] 
========================================
2026-03-22 08:25:56,171 [INFO] Сайт: https://chastnaya-shkola-tmn.ru/ | Регион: Тюмень
2026-03-22 08:25:56,579 [INFO] 
  Ключ: Как перейти на семейное образование законы
2026-03-22 08:25:56,988 [INFO]   Создаю: Как перейти на семейное образование законы Тюм
2026-03-22 08:25:57,786 [ERROR] VK groups.create 14: Captcha needed
2026-03-22 08:26:14,099 [INFO] Итог задачи: создано 0, ошибок 1, пропущено 0
2026-03-22 08:26:14,100 [INFO] 
========================================
2026-03-22 08:26:14,100 [INFO] Сайт: https://chastnaya-shkola-tmn.ru/ | Регион: Тюмень
2026-03-22 08:26:14,459 [INFO] 
  Ключ: Переведен на семейное обучение
2026-03-22 08:26:14,910 [INFO]   Создаю: Переведен на семейное обучение | Тюмень
2026-03-22 08:26:15,626 [ERROR] VK groups.create 14: Captcha needed
2026-03-22 08:26:32,011 [INFO] Итог задачи: создано 0, ошибок 1, пропущено 0
2026-03-22 08:26:32,011 [INFO] 
========================================
2026-03-22 08:26:32,012 [INFO] Сайт: https://chastnaya-shkola-tmn.ru/ | Регион: Тюмень
2026-03-22 08:26:32,421 [INFO] 
  Ключ: Как переводят на семейное обучение
2026-03-22 08:26:32,831 [INFO]   Создаю: Как переводят на семейное обучение | Тюмень
2026-03-22 08:26:33,629 [ERROR] VK groups.create 14: Captcha needed
2026-03-22 08:26:49,995 [INFO] Итог задачи: создано 0, ошибок 1, пропущено 0
2026-03-22 08:26:49,995 [INFO] 
========================================
2026-03-22 08:26:49,996 [INFO] Сайт: https://chastnaya-shkola-tmn.ru/ | Регион: Тюмень
2026-03-22 08:26:50,357 [INFO] 
  Ключ: Перевод ребенка на семейное обучение
2026-03-22 08:26:50,751 [INFO]   Создаю: Перевод ребенка на семейное обучение | Тюмень
2026-03-22 08:26:51,604 [ERROR] VK groups.create 14: Captcha needed
2026-03-22 08:27:07,871 [INFO] Итог задачи: создано 0, ошибок 1, пропущено 0
2026-03-22 08:27:07,871 [INFO] 
========================================
2026-03-22 08:27:07,872 [INFO] Сайт: https://chastnaya-shkola-tmn.ru/ | Регион: Тюмень
2026-03-22 08:27:08,274 [INFO] 
  Ключ: Перевестись на семейное обучение
2026-03-22 08:27:08,625 [INFO]   Создаю: Перевестись на семейное обучение | Тюмень
2026-03-22 08:27:09,352 [ERROR] VK groups.create 14: Captcha needed
2026-03-22 08:27:32,020 [INFO] Итог задачи: создано 0, ошибок 1, пропущено 0
2026-03-22 08:27:32,021 [INFO] 
========================================
2026-03-22 08:27:32,022 [INFO] Сайт: https://chastnaya-shkola-tmn.ru/ | Регион: Тюмень
2026-03-22 08:27:32,431 [INFO] 
  Ключ: Переход на семейную форму обучения
2026-03-22 08:27:32,785 [INFO]   Создаю: Переход на семейную форму обучения | Тюмень
2026-03-22 08:27:33,512 [ERROR] VK groups.create 14: Captcha needed
2026-03-22 08:27:49,941 [INFO] Итог задачи: создано 0, ошибок 1, пропущено 0
2026-03-22 08:27:49,942 [INFO] 
========================================
2026-03-22 08:27:49,942 [INFO] Сайт: https://chastnaya-shkola-tmn.ru/ | Регион: Тюмень
2026-03-22 08:27:50,302 [INFO] 
  Ключ: Как можно перейти на семейное обучение
2026-03-22 08:27:50,686 [INFO]   Создаю: Как можно перейти на семейное обучение | Тюмень
2026-03-22 08:27:51,506 [ERROR] VK groups.create 14: Captcha needed
2026-03-22 08:28:07,657 [INFO] Итог задачи: создано 0, ошибок 1, пропущено 0
2026-03-22 08:28:07,657 [INFO] 
========================================
2026-03-22 08:28:07,658 [INFO] Сайт: https://chastnaya-shkola-tmn.ru/ | Регион: Тюмень
2026-03-22 08:28:08,067 [INFO] 
  Ключ: Переход на семейное обучение документы
2026-03-22 08:28:08,476 [INFO]   Создаю: Переход на семейное обучение документы | Тюмень
2026-03-22 08:28:09,472 [ERROR] VK groups.create 14: Captcha needed
2026-03-22 08:28:25,788 [INFO] Итог задачи: создано 0, ошибок 1, пропущено 0
2026-03-22 08:28:25,792 [INFO] 
========================================
2026-03-22 08:28:25,793 [INFO] Сайт: https://chastnaya-shkola-tmn.ru/ | Регион: Тюмень
2026-03-22 08:28:26,196 [INFO] 
  Ключ: Семейное обучение 2024 как перейти
2026-03-22 08:28:26,576 [INFO]   Создаю: Семейное обучение 2024 как перейти | Тюмень
2026-03-22 08:28:27,279 [ERROR] VK groups.create 14: Captcha needed
2026-03-22 08:28:43,708 [INFO] Итог задачи: создано 0, ошибок 1, пропущено 0
2026-03-22 08:28:43,708 [INFO] 
========================================
2026-03-22 08:28:43,709 [INFO] Сайт: https://chastnaya-shkola-tmn.ru/ | Регион: Тюмень
2026-03-22 08:28:44,112 [INFO] 
  Ключ: Можно ли перейти на семейное обучение
2026-03-22 08:28:44,493 [INFO]   Создаю: Можно ли перейти на семейное обучение | Тюмень
2026-03-22 08:28:45,227 [ERROR] VK groups.create 14: Captcha needed
2026-03-22 08:29:01,460 [INFO] Итог задачи: создано 0, ошибок 1, пропущено 0
2026-03-22 08:29:01,461 [INFO] 
========================================
2026-03-22 08:29:01,461 [INFO] Сайт: https://chastnaya-shkola-tmn.ru/ | Регион: Тюмень
2026-03-22 08:29:01,853 [INFO] 
  Ключ: Заявление на перевод на семейное обучение
2026-03-22 08:29:02,240 [INFO]   Создаю: Заявление на перевод на семейное обучение Тюм
2026-03-22 08:29:02,947 [ERROR] VK groups.create 14: Captcha needed
2026-03-22 08:29:19,245 [INFO] Итог задачи: создано 0, ошибок 1, пропущено 0
2026-03-22 08:29:19,246 [INFO] 
========================================
2026-03-22 08:29:19,247 [INFO] Сайт: https://chastnaya-shkola-tmn.ru/ | Регион: Тюмень
2026-03-22 08:29:19,600 [INFO] 
  Ключ: Заявление о переходе на семейное обучение
2026-03-22 08:29:19,992 [INFO]   Создаю: Заявление о переходе на семейное обучение Тюм
2026-03-22 08:29:20,766 [ERROR] VK groups.create 14: Captcha needed
2026-03-22 08:29:37,056 [INFO] Итог задачи: создано 0, ошибок 1, пропущено 0
2026-03-22 08:29:37,056 [INFO] 
========================================
2026-03-22 08:29:37,057 [INFO] Сайт: https://chastnaya-shkola-tmn.ru/ | Регион: Тюмень
2026-03-22 08:29:37,466 [INFO] 
  Ключ: Семейное образование документы школы
2026-03-22 08:29:37,876 [INFO]   Создаю: Семейное образование документы школы | Тюмень
2026-03-22 08:29:38,672 [ERROR] VK groups.create 14: Captcha needed
2026-03-22 08:30:04,534 [INFO] Итог задачи: создано 0, ошибок 1, пропущено 0
2026-03-22 08:30:04,538 [INFO] 
========================================
2026-03-22 08:30:04,542 [INFO] Сайт: https://chastnaya-shkola-tmn.ru/ | Регион: Тюмень
2026-03-22 08:30:04,912 [INFO] 
  Ключ: Семейное образование документы
2026-03-22 08:30:05,266 [INFO]   Создаю: Семейное образование документы | Тюмень
2026-03-22 08:30:05,871 [ERROR] VK groups.create 14: Captcha needed
2026-03-22 08:30:22,217 [INFO] Итог задачи: создано 0, ошибок 1, пропущено 0
2026-03-22 08:30:22,217 [INFO] 
========================================
2026-03-22 08:30:22,218 [INFO] Сайт: https://chastnaya-shkola-tmn.ru/ | Регион: Тюмень
2026-03-22 08:30:22,633 [INFO] 
  Ключ: Семейное образование нормативные документы
2026-03-22 08:30:23,041 [INFO]   Создаю: Семейное образование нормативные документы Тюм
2026-03-22 08:30:23,706 [ERROR] VK groups.create 14: Captcha needed
2026-03-22 08:30:39,905 [INFO] Итог задачи: создано 0, ошибок 1, пропущено 0
2026-03-22 08:30:39,906 [INFO] 
========================================
2026-03-22 08:30:39,907 [INFO] Сайт: https://chastnaya-shkola-tmn.ru/ | Регион: Тюмень
2026-03-22 08:30:40,263 [INFO] 
  Ключ: Семейное обучение какие документы нужны
2026-03-22 08:30:40,606 [INFO]   Создаю: Семейное обучение какие документы нужны | Тюмень
2026-03-22 08:30:41,253 [ERROR] VK groups.create 14: Captcha needed
2026-03-22 08:30:57,546 [INFO] Итог задачи: создано 0, ошибок 1, пропущено 0
2026-03-22 08:30:57,547 [INFO] 
========================================
2026-03-22 08:30:57,547 [INFO] Сайт: https://chastnaya-shkola-tmn.ru/ | Регион: Тюмень
2026-03-22 08:30:57,955 [INFO] 
  Ключ: Семейное обучение документы
2026-03-22 08:30:58,321 [INFO]   Создаю: Семейное обучение документы | Тюмень
2026-03-22 08:30:59,029 [ERROR] VK groups.create 14: Captcha needed
2026-03-22 08:31:15,569 [INFO] Итог задачи: создано 0, ошибок 1, пропущено 0
2026-03-22 08:31:15,570 [INFO] 
========================================
2026-03-22 08:31:15,570 [INFO] Сайт: https://chastnaya-shkola-tmn.ru/ | Регион: Тюмень
2026-03-22 08:31:15,978 [INFO] 
  Ключ: Написать заявление на семейное образование
2026-03-22 08:31:16,388 [INFO]   Создаю: Написать заявление на семейное образование Тюм
2026-03-22 08:31:17,146 [ERROR] VK groups.create 14: Captcha needed
2026-03-22 08:31:33,390 [INFO] Итог задачи: создано 0, ошибок 1, пропущено 0
2026-03-22 08:31:33,391 [INFO] 
========================================
2026-03-22 08:31:33,391 [INFO] Сайт: https://chastnaya-shkola-tmn.ru/ | Регион: Тюмень
2026-03-22 08:31:33,783 [INFO] 
  Ключ: Семейные образование заявление в департамент
2026-03-22 08:31:34,206 [INFO]   Создаю: Семейные образование заявление в департамент Тюм
2026-03-22 08:31:34,970 [ERROR] VK groups.create 14: Captcha needed
2026-03-22 08:31:51,308 [INFO] Итог задачи: создано 0, ошибок 1, пропущено 0
2026-03-22 08:31:51,308 [INFO] 
========================================
2026-03-22 08:31:51,309 [INFO] Сайт: https://chastnaya-shkola-tmn.ru/ | Регион: Тюмень
2026-03-22 08:31:51,906 [INFO] 
  Ключ: Форма заявления на семейное образование
2026-03-22 08:31:52,339 [INFO]   Создаю: Форма заявления на семейное образование | Тюмень
2026-03-22 08:31:53,005 [ERROR] VK groups.create 14: Captcha needed
2026-03-22 08:32:09,245 [INFO] Итог задачи: создано 0, ошибок 1, пропущено 0
2026-03-22 08:32:09,245 [INFO] 
========================================
2026-03-22 08:32:09,245 [INFO] Сайт: https://chastnaya-shkola-tmn.ru/ | Регион: Тюмень
2026-03-22 08:32:09,608 [INFO] 
  Ключ: Заявление семейное образование образец
2026-03-22 08:32:09,947 [INFO]   Создаю: Заявление семейное образование образец | Тюмень
2026-03-22 08:32:10,670 [ERROR] VK groups.create 14: Captcha needed
2026-03-22 08:32:26,945 [INFO] Итог задачи: создано 0, ошибок 1, пропущено 0
2026-03-22 08:32:26,945 [INFO] 
========================================
2026-03-22 08:32:26,946 [INFO] Сайт: https://chastnaya-shkola-tmn.ru/ | Регион: Тюмень
2026-03-22 08:32:28,687 [INFO] 
  Ключ: Семейная форма обучения заявление
2026-03-22 08:32:29,095 [INFO]   Создаю: Семейная форма обучения заявление | Тюмень
2026-03-22 08:32:29,775 [ERROR] VK groups.create 14: Captcha needed
2026-03-22 08:32:46,096 [INFO] Итог задачи: создано 0, ошибок 1, пропущено 0
2026-03-22 08:32:46,097 [INFO] 
========================================
2026-03-22 08:32:46,097 [INFO] Сайт: https://chastnaya-shkola-tmn.ru/ | Регион: Тюмень
2026-03-22 08:32:46,466 [INFO] 
  Ключ: Департамент образования заявление на семейное обучение
2026-03-22 08:32:46,914 [INFO]   Создаю: Департамент образования заявление на семейно Тюм
2026-03-22 08:32:47,664 [ERROR] VK groups.create 14: Captcha needed
2026-03-22 08:33:04,121 [INFO] Итог задачи: создано 0, ошибок 1, пропущено 0
2026-03-22 08:33:04,122 [INFO] 
========================================
2026-03-22 08:33:04,122 [INFO] Сайт: https://chastnaya-shkola-tmn.ru/ | Регион: Тюмень
2026-03-22 08:33:04,526 [INFO] 
  Ключ: Написать заявление на семейное обучение
2026-03-22 08:33:04,936 [INFO]   Создаю: Написать заявление на семейное обучение | Тюмень
2026-03-22 08:33:05,685 [ERROR] VK groups.create 14: Captcha needed
2026-03-22 08:33:22,037 [INFO] Итог задачи: создано 0, ошибок 1, пропущено 0
2026-03-22 08:33:22,038 [INFO] 
========================================
2026-03-22 08:33:22,038 [INFO] Сайт: https://chastnaya-shkola-tmn.ru/ | Регион: Тюмень
2026-03-22 08:33:22,411 [INFO] 
  Ключ: Образец заявления на семейное обучение
2026-03-22 08:33:22,858 [INFO]   Создаю: Образец заявления на семейное обучение | Тюмень
2026-03-22 08:33:23,558 [ERROR] VK groups.create 14: Captcha needed
2026-03-22 08:33:39,857 [INFO] Итог задачи: создано 0, ошибок 1, пропущено 0
2026-03-22 08:33:39,857 [INFO] 
========================================
2026-03-22 08:33:39,858 [INFO] Сайт: https://chastnaya-shkola-tmn.ru/ | Регион: Тюмень
2026-03-22 08:33:40,271 [INFO] 
  Ключ: Как уйти на семейное обучение
2026-03-22 08:33:40,619 [INFO]   Создаю: Как уйти на семейное обучение | Тюмень
2026-03-22 08:33:41,372 [ERROR] VK groups.create 14: Captcha needed
2026-03-22 08:33:57,581 [INFO] Итог задачи: создано 0, ошибок 1, пропущено 0
2026-03-22 08:33:57,582 [INFO] 
========================================
2026-03-22 08:33:57,582 [INFO] Сайт: https://chastnaya-shkola-tmn.ru/ | Регион: Тюмень
2026-03-22 08:33:57,948 [INFO] 
  Ключ: Семейное образование детей
2026-03-22 08:33:58,392 [INFO]   Создаю: Семейное образование детей | Тюмень
2026-03-22 08:33:59,153 [ERROR] VK groups.create 14: Captcha needed
2026-03-22 08:34:15,577 [INFO] Итог задачи: создано 0, ошибок 1, пропущено 0
2026-03-22 08:34:15,578 [INFO] 
========================================
2026-03-22 08:34:15,579 [INFO] Сайт: https://chastnaya-shkola-tmn.ru/ | Регион: Тюмень
2026-03-22 08:34:16,005 [INFO] 
  Ключ: Семейное образование обучение
2026-03-22 08:34:16,403 [INFO]   Создаю: Семейное образование обучение | Тюмень
2026-03-22 08:34:17,026 [ERROR] VK groups.create 14: Captcha needed
2026-03-22 08:34:33,509 [INFO] Итог задачи: создано 0, ошибок 1, пропущено 0
2026-03-22 08:34:33,510 [INFO] 
========================================
2026-03-22 08:34:33,510 [INFO] Сайт: https://chastnaya-shkola-tmn.ru/ | Регион: Тюмень
2026-03-22 08:34:33,926 [INFO] 
  Ключ: Организация семейного образования
2026-03-22 08:34:34,439 [INFO]   Создаю: Организация семейного образования | Тюмень
2026-03-22 08:34:35,185 [ERROR] VK groups.create 14: Captcha needed
2026-03-22 08:34:51,970 [INFO] Итог задачи: создано 0, ошибок 1, пропущено 0
2026-03-22 08:34:51,971 [INFO] 
========================================
2026-03-22 08:34:51,971 [INFO] Сайт: https://chastnaya-shkola-tmn.ru/ | Регион: Тюмень
2026-03-22 08:34:52,359 [INFO] 
  Ключ: Общее семейное образование
2026-03-22 08:34:52,772 [INFO]   Создаю: Общее семейное образование | Тюмень
2026-03-22 08:34:53,500 [ERROR] VK groups.create 14: Captcha needed
2026-03-22 08:35:09,871 [INFO] Итог задачи: создано 0, ошибок 1, пропущено 0
2026-03-22 08:35:09,872 [INFO] 
========================================
2026-03-22 08:35:09,873 [INFO] Сайт: https://chastnaya-shkola-tmn.ru/ | Регион: Тюмень
2026-03-22 08:35:10,284 [INFO] 
  Ключ: Домашнее обучение семейное образование
2026-03-22 08:35:10,689 [INFO]   Создаю: Домашнее обучение семейное образование | Тюмень
2026-03-22 08:35:11,818 [ERROR] VK groups.create 14: Captcha needed
2026-03-22 08:35:28,041 [INFO] Итог задачи: создано 0, ошибок 1, пропущено 0
2026-03-22 08:35:28,041 [INFO] 
========================================
2026-03-22 08:35:28,042 [INFO] Сайт: https://chastnaya-shkola-tmn.ru/ | Регион: Тюмень
2026-03-22 08:35:28,414 [INFO] 
  Ключ: Семейное домашнее образование
2026-03-22 08:35:28,815 [INFO]   Создаю: Семейное домашнее образование | Тюмень
2026-03-22 08:35:29,567 [ERROR] VK groups.create 14: Captcha needed
2026-03-22 08:35:45,713 [INFO] Итог задачи: создано 0, ошибок 1, пропущено 0
2026-03-22 08:35:45,713 [INFO] 
========================================
2026-03-22 08:35:45,714 [INFO] Сайт: https://chastnaya-shkola-tmn.ru/ | Регион: Тюмень
2026-03-22 08:35:46,121 [INFO] 
  Ключ: Семейное начальное образование
2026-03-22 08:35:46,476 [INFO]   Создаю: Семейное начальное образование | Тюмень
2026-03-22 08:35:47,212 [ERROR] VK groups.create 14: Captcha needed
2026-03-22 08:36:03,632 [INFO] Итог задачи: создано 0, ошибок 1, пропущено 0
2026-03-22 08:36:03,632 [INFO] 
========================================
2026-03-22 08:36:03,633 [INFO] Сайт: https://chastnaya-shkola-tmn.ru/ | Регион: Тюмень
2026-03-22 08:36:04,041 [INFO] 
  Ключ: Очно семейное образование
2026-03-22 08:36:04,452 [INFO]   Создаю: Очно семейное образование | Тюмень
2026-03-22 08:36:05,240 [ERROR] VK groups.create 14: Captcha needed
2026-03-22 08:36:21,450 [INFO] Итог задачи: создано 0, ошибок 1, пропущено 0
2026-03-22 08:36:21,451 [INFO] 
========================================
2026-03-22 08:36:21,452 [INFO] Сайт: https://chastnaya-shkola-tmn.ru/ | Регион: Тюмень
2026-03-22 08:36:21,861 [INFO] 
  Ключ: Домашнее семейное обучение детей
2026-03-22 08:36:22,222 [INFO]   Создаю: Домашнее семейное обучение детей | Тюмень
2026-03-22 08:36:22,888 [ERROR] VK groups.create 14: Captcha needed
2026-03-22 08:36:39,141 [INFO] Итог задачи: создано 0, ошибок 1, пропущено 0
2026-03-22 08:36:39,141 [INFO] 
========================================
2026-03-22 08:36:39,142 [INFO] Сайт: https://chastnaya-shkola-tmn.ru/ | Регион: Тюмень
2026-03-22 08:36:39,506 [INFO] 
  Ключ: Очно семейное обучение
2026-03-22 08:36:39,879 [INFO]   Создаю: Очно семейное обучение | Тюмень
2026-03-22 08:36:40,697 [ERROR] VK groups.create 14: Captcha needed
2026-03-22 08:36:56,898 [INFO] Итог задачи: создано 0, ошибок 1, пропущено 0
2026-03-22 08:36:56,898 [INFO] 
========================================
2026-03-22 08:36:56,899 [INFO] Сайт: https://chastnaya-shkola-tmn.ru/ | Регион: Тюмень
2026-03-22 08:36:57,267 [INFO] 
  Ключ: Класс перешел на домашнее обучение
2026-03-22 08:36:57,638 [INFO]   Создаю: Класс перешел на домашнее обучение | Тюмень
2026-03-22 08:36:58,540 [ERROR] VK groups.create 14: Captcha needed
2026-03-22 08:37:14,928 [INFO] Итог задачи: создано 0, ошибок 1, пропущено 0
2026-03-22 08:37:14,931 [INFO] 
========================================
2026-03-22 08:37:14,932 [INFO] Сайт: https://chastnaya-shkola-tmn.ru/ | Регион: Тюмень
2026-03-22 08:37:15,320 [INFO] 
  Ключ: Ребенка переводят на домашнее обучение
2026-03-22 08:37:15,828 [INFO]   Создаю: Ребенка переводят на домашнее обучение | Тюмень
2026-03-22 08:37:16,629 [ERROR] VK groups.create 14: Captcha needed
2026-03-22 08:37:32,832 [INFO] Итог задачи: создано 0, ошибок 1, пропущено 0
2026-03-22 08:37:32,833 [INFO] 
========================================
2026-03-22 08:37:32,834 [INFO] Сайт: https://chastnaya-shkola-tmn.ru/ | Регион: Тюмень
2026-03-22 08:37:33,237 [INFO] 
  Ключ: Как перевести на домашнее обучение
2026-03-22 08:37:33,618 [INFO]   Создаю: Как перевести на домашнее обучение | Тюмень
2026-03-22 08:37:34,400 [ERROR] VK groups.create 14: Captcha needed
2026-03-22 08:37:50,645 [INFO] Итог задачи: создано 0, ошибок 1, пропущено 0
2026-03-22 08:37:50,645 [INFO] 
========================================
2026-03-22 08:37:50,646 [INFO] Сайт: https://chastnaya-shkola-tmn.ru/ | Регион: Тюмень
2026-03-22 08:37:51,054 [INFO] 
  Ключ: Как переводят на домашнее обучение
2026-03-22 08:37:51,416 [INFO]   Создаю: Как переводят на домашнее обучение | Тюмень
2026-03-22 08:37:52,084 [ERROR] VK groups.create 14: Captcha needed
2026-03-22 08:38:08,361 [INFO] Итог задачи: создано 0, ошибок 1, пропущено 0
2026-03-22 08:38:08,361 [INFO] 
========================================
2026-03-22 08:38:08,362 [INFO] Сайт: https://chastnaya-shkola-tmn.ru/ | Регион: Тюмень
2026-03-22 08:38:08,771 [INFO] 
  Ключ: Переведут ли на домашнее обучение
2026-03-22 08:38:09,157 [INFO]   Создаю: Переведут ли на домашнее обучение | Тюмень
2026-03-22 08:38:09,854 [ERROR] VK groups.create 14: Captcha needed
2026-03-22 08:38:26,282 [INFO] Итог задачи: создано 0, ошибок 1, пропущено 0
2026-03-22 08:38:26,289 [INFO] 
========================================
2026-03-22 08:38:26,289 [INFO] Сайт: https://chastnaya-shkola-tmn.ru/ | Регион: Тюмень
2026-03-22 08:38:26,691 [INFO] 
  Ключ: Можно ли перевести на домашнее обучение
2026-03-22 08:38:27,100 [INFO]   Создаю: Можно ли перевести на домашнее обучение | Тюмень
2026-03-22 08:38:27,794 [ERROR] VK groups.create 14: Captcha needed
2026-03-22 08:38:43,935 [INFO] Итог задачи: создано 0, ошибок 1, пропущено 0
2026-03-22 08:38:43,935 [INFO] 
========================================
2026-03-22 08:38:43,936 [INFO] Сайт: https://chastnaya-shkola-tmn.ru/ | Регион: Тюмень
2026-03-22 08:38:44,298 [INFO] 
  Ключ: Переведут ли детей на домашнее обучение
2026-03-22 08:38:44,653 [INFO]   Создаю: Переведут ли детей на домашнее обучение | Тюмень
2026-03-22 08:38:45,557 [ERROR] VK groups.create 14: Captcha needed
2026-03-22 08:39:02,225 [INFO] Итог задачи: создано 0, ошибок 1, пропущено 0
2026-03-22 08:39:02,226 [INFO] 
========================================
2026-03-22 08:39:02,226 [INFO] Сайт: https://chastnaya-shkola-tmn.ru/ | Регион: Тюмень
2026-03-22 08:39:02,635 [INFO] 
  Ключ: Можно ли ребенка перевести на домашнее обучение
2026-03-22 08:39:03,011 [INFO]   Создаю: Можно ли ребенка перевести на домашнее обуче Тюм
2026-03-22 08:39:03,726 [ERROR] VK groups.create 14: Captcha needed
2026-03-22 08:39:19,954 [INFO] Итог задачи: создано 0, ошибок 1, пропущено 0
2026-03-22 08:39:19,955 [INFO] 
========================================
2026-03-22 08:39:19,955 [INFO] Сайт: https://chastnaya-shkola-tmn.ru/ | Регион: Тюмень
2026-03-22 08:39:20,356 [INFO] 
  Ключ: Можно ли перейти на домашнее обучение
2026-03-22 08:39:20,760 [INFO]   Создаю: Можно ли перейти на домашнее обучение | Тюмень
2026-03-22 08:39:21,508 [ERROR] VK groups.create 14: Captcha needed
2026-03-22 08:39:37,866 [INFO] Итог задачи: создано 0, ошибок 1, пропущено 0
2026-03-22 08:39:37,867 [INFO] 
========================================
2026-03-22 08:39:37,867 [INFO] Сайт: https://chastnaya-shkola-tmn.ru/ | Регион: Тюмень
2026-03-22 08:39:38,273 [INFO] 
  Ключ: Дети перешли на домашнее обучение
2026-03-22 08:39:38,672 [INFO]   Создаю: Дети перешли на домашнее обучение | Тюмень
2026-03-22 08:39:39,379 [ERROR] VK groups.create 14: Captcha needed
2026-03-22 08:39:55,651 [INFO] Итог задачи: создано 0, ошибок 1, пропущено 0
2026-03-22 08:39:55,651 [INFO] 
========================================
2026-03-22 08:39:55,652 [INFO] Сайт: https://chastnaya-shkola-tmn.ru/ | Регион: Тюмень
2026-03-22 08:39:56,010 [INFO] 
  Ключ: Школы переводят на домашнее обучение
2026-03-22 08:39:56,500 [INFO]   Создаю: Школы переводят на домашнее обучение | Тюмень
2026-03-22 08:39:57,265 [ERROR] VK groups.create 14: Captcha needed
2026-03-22 08:40:13,804 [INFO] Итог задачи: создано 0, ошибок 1, пропущено 0
2026-03-22 08:40:13,804 [INFO] 
========================================
2026-03-22 08:40:13,805 [INFO] Сайт: https://chastnaya-shkola-tmn.ru/ | Регион: Тюмень
2026-03-22 08:40:14,199 [INFO] 
  Ключ: Как перейти на домашнее обучение в школе
2026-03-22 08:40:14,626 [INFO]   Создаю: Как перейти на домашнее обучение в школе Тюм
2026-03-22 08:40:15,382 [ERROR] VK groups.create 14: Captcha needed
2026-03-22 08:40:31,727 [INFO] Итог задачи: создано 0, ошибок 1, пропущено 0
2026-03-22 08:40:31,728 [INFO] 
========================================
2026-03-22 08:40:31,728 [INFO] Сайт: https://chastnaya-shkola-tmn.ru/ | Регион: Тюмень
2026-03-22 08:40:32,121 [INFO] 
  Ключ: Перевели школы на домашнее обучение
2026-03-22 08:40:32,546 [INFO]   Создаю: Перевели школы на домашнее обучение | Тюмень
2026-03-22 08:41:03,463 [ERROR] VK groups.create: HTTPSConnectionPool(host='api.vk.com', port=443): Read timed out. (read timeout=30)
2026-03-22 08:41:26,104 [INFO] Итог задачи: создано 0, ошибок 1, пропущено 0
2026-03-22 08:41:26,105 [INFO] 
========================================
2026-03-22 08:41:26,105 [INFO] Сайт: https://chastnaya-shkola-tmn.ru/ | Регион: Тюмень
2026-03-22 08:41:26,513 [INFO] 
  Ключ: Можно ли перевестись на домашнее обучение
2026-03-22 08:41:26,923 [INFO]   Создаю: Можно ли перевестись на домашнее обучение Тюм
2026-03-22 08:41:27,794 [ERROR] VK groups.create 14: Captcha needed
2026-03-22 08:41:44,024 [INFO] Итог задачи: создано 0, ошибок 1, пропущено 0
2026-03-22 08:41:44,025 [INFO] 
========================================
2026-03-22 08:41:44,025 [INFO] Сайт: https://chastnaya-shkola-tmn.ru/ | Регион: Тюмень
2026-03-22 08:41:44,384 [INFO] 
  Ключ: Основание для перевода ребенка на домашнее обучение
2026-03-22 08:41:44,797 [INFO]   Создаю: Основание для перевода ребенка на домашнее о Тюм
2026-03-22 08:41:45,561 [ERROR] VK groups.create 14: Captcha needed
2026-03-22 08:42:01,846 [INFO] Итог задачи: создано 0, ошибок 1, пропущено 0
2026-03-22 08:42:01,847 [INFO] 
========================================
2026-03-22 08:42:01,847 [INFO] Сайт: https://chastnaya-shkola-tmn.ru/ | Регион: Тюмень
2026-03-22 08:42:02,255 [INFO] 
  Ключ: Основания для перевода на домашнее обучение
2026-03-22 08:42:02,662 [INFO]   Создаю: Основания для перевода на домашнее обучение Тюм
2026-03-22 08:42:03,477 [ERROR] VK groups.create 14: Captcha needed
2026-03-22 08:42:19,769 [INFO] Итог задачи: создано 0, ошибок 1, пропущено 0
2026-03-22 08:42:19,770 [INFO] 
========================================
2026-03-22 08:42:19,771 [INFO] Сайт: https://chastnaya-shkola-tmn.ru/ | Регион: Тюмень
2026-03-22 08:42:20,838 [INFO] 
  Ключ: Стоит ли переводить ребенка на домашнее обучение
2026-03-22 08:42:21,231 [INFO]   Создаю: Стоит ли переводить ребенка на домашнее обуч Тюм
2026-03-22 08:42:22,055 [ERROR] VK groups.create 14: Captcha needed
2026-03-22 08:42:38,301 [INFO] Итог задачи: создано 0, ошибок 1, пропущено 0
2026-03-22 08:42:38,301 [INFO] 
========================================
2026-03-22 08:42:38,302 [INFO] Сайт: https://chastnaya-shkola-tmn.ru/ | Регион: Тюмень
2026-03-22 08:42:38,708 [INFO] 
  Ключ: Родители переводят детей на домашнее обучение
2026-03-22 08:42:39,118 [INFO]   Создаю: Родители переводят детей на домашнее обучени Тюм
2026-03-22 08:42:39,852 [ERROR] VK groups.create 14: Captcha needed
2026-03-22 08:42:56,151 [INFO] Итог задачи: создано 0, ошибок 1, пропущено 0
2026-03-22 08:42:56,152 [INFO] 
========================================
2026-03-22 08:42:56,152 [INFO] Сайт: https://chastnaya-shkola-tmn.ru/ | Регион: Тюмень
2026-03-22 08:42:56,526 [INFO] 
  Ключ: Кого можно перевести на домашнее обучение
2026-03-22 08:42:56,909 [INFO]   Создаю: Кого можно перевести на домашнее обучение Тюм
2026-03-22 08:42:57,615 [ERROR] VK groups.create 14: Captcha needed
2026-03-22 08:43:14,243 [INFO] Итог задачи: создано 0, ошибок 1, пропущено 0
2026-03-22 08:43:14,243 [INFO] 
========================================
2026-03-22 08:43:14,244 [INFO] Сайт: https://chastnaya-shkola-tmn.ru/ | Регион: Тюмень
2026-03-22 08:43:14,603 [INFO] 
  Ключ: Как можно перейти на домашнее обучение
2026-03-22 08:43:15,062 [INFO]   Создаю: Как можно перейти на домашнее обучение | Тюмень
2026-03-22 08:43:15,932 [ERROR] VK groups.create 14: Captcha needed
2026-03-22 08:43:32,268 [INFO] Итог задачи: создано 0, ошибок 1, пропущено 0
2026-03-22 08:43:32,268 [INFO] 
========================================
2026-03-22 08:43:32,268 [INFO] Сайт: https://chastnaya-shkola-tmn.ru/ | Регион: Тюмень
2026-03-22 08:43:32,645 [INFO] 
  Ключ: Документы для перевода на домашнее обучение
2026-03-22 08:43:33,086 [INFO]   Создаю: Документы для перевода на домашнее обучение Тюм
2026-03-22 08:43:33,798 [ERROR] VK groups.create 14: Captcha needed
2026-03-22 08:43:50,308 [INFO] Итог задачи: создано 0, ошибок 1, пропущено 0
2026-03-22 08:43:50,308 [INFO] 
========================================
2026-03-22 08:43:50,309 [INFO] Сайт: https://chastnaya-shkola-tmn.ru/ | Регион: Тюмень
2026-03-22 08:43:50,695 [INFO] 
  Ключ: Домашнее обучение документы
2026-03-22 08:43:51,108 [INFO]   Создаю: Домашнее обучение документы | Тюмень
2026-03-22 08:43:51,814 [ERROR] VK groups.create 14: Captcha needed
2026-03-22 08:44:08,312 [INFO] Итог задачи: создано 0, ошибок 1, пропущено 0
2026-03-22 08:44:08,314 [INFO] 
========================================
2026-03-22 08:44:08,315 [INFO] Сайт: https://chastnaya-shkola-tmn.ru/ | Регион: Тюмень
2026-03-22 08:44:08,722 [INFO] 
  Ключ: Домашнее обучение какие документы нужны
2026-03-22 08:44:09,130 [INFO]   Создаю: Домашнее обучение какие документы нужны | Тюмень
2026-03-22 08:44:09,786 [ERROR] VK groups.create 14: Captcha needed
2026-03-22 08:44:26,042 [INFO] Итог задачи: создано 0, ошибок 1, пропущено 0
2026-03-22 08:44:26,042 [INFO] 
========================================
2026-03-22 08:44:26,043 [INFO] Сайт: https://chastnaya-shkola-tmn.ru/ | Регион: Тюмень
2026-03-22 08:44:26,437 [INFO] 
  Ключ: Домашнее обучение какие документы
2026-03-22 08:44:26,847 [INFO]   Создаю: Домашнее обучение какие документы | Тюмень
2026-03-22 08:44:27,524 [ERROR] VK groups.create 14: Captcha needed
2026-03-22 08:44:43,847 [INFO] Итог задачи: создано 0, ошибок 1, пропущено 0
2026-03-22 08:44:43,847 [INFO] 
========================================
2026-03-22 08:44:43,848 [INFO] Сайт: https://chastnaya-shkola-tmn.ru/ | Регион: Тюмень
2026-03-22 08:44:44,256 [INFO] 
  Ключ: Заявление на домашнее обучение в школе
2026-03-22 08:44:45,280 [INFO]   Создаю: Заявление на домашнее обучение в школе | Тюмень
2026-03-22 08:44:46,059 [ERROR] VK groups.create 14: Captcha needed
2026-03-22 08:45:02,480 [INFO] Итог задачи: создано 0, ошибок 1, пропущено 0
2026-03-22 08:45:02,481 [INFO] 
========================================
2026-03-22 08:45:02,481 [INFO] Сайт: https://chastnaya-shkola-tmn.ru/ | Регион: Тюмень
2026-03-22 08:45:02,845 [INFO] 
  Ключ: Образец заявления на домашное обучение
2026-03-22 08:45:03,224 [INFO]   Создаю: Образец заявления на домашное обучение | Тюмень
2026-03-22 08:45:03,951 [ERROR] VK groups.create 14: Captcha needed
2026-03-22 08:45:20,409 [INFO] Итог задачи: создано 0, ошибок 1, пропущено 0
2026-03-22 08:45:20,409 [INFO] 
========================================
2026-03-22 08:45:20,410 [INFO] Сайт: https://chastnaya-shkola-tmn.ru/ | Регион: Тюмень
2026-03-22 08:45:20,814 [INFO] 
  Ключ: Можно ли уйти на домашнее обучение
2026-03-22 08:45:21,181 [INFO]   Создаю: Можно ли уйти на домашнее обучение | Тюмень
2026-03-22 08:45:22,028 [ERROR] VK groups.create 14: Captcha needed
2026-03-22 08:45:38,259 [INFO] Итог задачи: создано 0, ошибок 1, пропущено 0
2026-03-22 08:45:38,260 [INFO] 
========================================
2026-03-22 08:45:38,261 [INFO] Сайт: https://chastnaya-shkola-tmn.ru/ | Регион: Тюмень
2026-03-22 08:45:38,635 [INFO] 
  Ключ: Рейтинг частных школ
2026-03-22 08:45:39,146 [INFO]   Создаю: Рейтинг частных школ | Тюмень
2026-03-22 08:45:39,967 [ERROR] VK groups.create 14: Captcha needed
2026-03-22 08:45:56,349 [INFO] Итог задачи: создано 0, ошибок 1, пропущено 0
2026-03-22 08:45:56,350 [INFO] 
========================================
2026-03-22 08:45:56,350 [INFO] Сайт: https://chastnaya-shkola-tmn.ru/ | Регион: Тюмень
2026-03-22 08:45:56,722 [INFO] 
  Ключ: Средняя стоимость обучения в частной школе
2026-03-22 08:45:57,097 [INFO]   Создаю: Средняя стоимость обучения в частной школе Тюм
2026-03-22 08:45:57,851 [ERROR] VK groups.create 14: Captcha needed
2026-03-22 08:46:14,066 [INFO] Итог задачи: создано 0, ошибок 1, пропущено 0
2026-03-22 08:46:14,067 [INFO] 
========================================
2026-03-22 08:46:14,067 [INFO] Сайт: https://chastnaya-shkola-tmn.ru/ | Регион: Тюмень
2026-03-22 08:46:14,474 [INFO] 
  Ключ: Частная школа документы
2026-03-22 08:46:14,856 [INFO]   Создаю: Частная школа документы | Тюмень
2026-03-22 08:46:15,663 [ERROR] VK groups.create 14: Captcha needed
2026-03-22 08:46:33,010 [INFO] Итог задачи: создано 0, ошибок 1, пропущено 0
2026-03-22 08:46:33,010 [INFO] 
========================================
2026-03-22 08:46:33,011 [INFO] Сайт: https://chastnaya-shkola-tmn.ru/ | Регион: Тюмень
2026-03-22 08:46:33,388 [INFO] 
  Ключ: Поступление в частную школу
2026-03-22 08:46:33,829 [INFO]   Создаю: Поступление в частную школу | Тюмень
2026-03-22 08:46:34,633 [ERROR] VK groups.create 14: Captcha needed
2026-03-22 08:46:50,887 [INFO] Итог задачи: создано 0, ошибок 1, пропущено 0
2026-03-22 08:46:51,737 [INFO] Завершено
2026-03-22 15:37:00,249 [INFO] =======================================================
2026-03-22 15:37:00,250 [INFO] SEO FARM — запуск
2026-03-22 15:37:00,250 [INFO] =======================================================
2026-03-22 15:38:16,172 [INFO] =======================================================
2026-03-22 15:38:16,172 [INFO] SEO FARM — запуск
2026-03-22 15:38:16,172 [INFO] =======================================================
2026-03-22 15:38:29,329 [INFO] file_cache is only supported with oauth2client<4.0.0
2026-03-22 15:38:38,231 [INFO]   Строка 3 сброшена из 'в работе' → пусто
2026-03-22 15:38:39,226 [INFO]   Строка 4 сброшена из 'в работе' → пусто
2026-03-22 15:38:40,131 [INFO]   Строка 5 сброшена из 'в работе' → пусто
2026-03-22 15:38:41,041 [INFO]   Строка 6 сброшена из 'в работе' → пусто
2026-03-22 15:41:33,122 [INFO] =======================================================
2026-03-22 15:41:33,122 [INFO] SEO FARM — запуск
2026-03-22 15:41:33,125 [INFO] =======================================================
2026-03-22 15:41:46,229 [INFO] file_cache is only supported with oauth2client<4.0.0
2026-03-22 15:42:17,959 [INFO] 
========================================
2026-03-22 15:42:17,960 [INFO] Сайт: https://chastnaya-shkola-tmn.ru/ | Регион: Тюмень
2026-03-22 15:42:18,944 [INFO]   Создаю: Семейное обучение | Тюмень
2026-03-22 15:42:29,600 [INFO]   Аватарка: avatar.jpg
2026-03-22 15:43:01,261 [ERROR] VK photos.getOwnerCoverPhotoUploadServer: HTTPSConnectionPool(host='api.vk.com', port=443): Read timed out. (read timeout=30)
2026-03-22 15:43:33,706 [ERROR] VK photos.getWallUploadServer: HTTPSConnectionPool(host='api.vk.com', port=443): Read timed out. (read timeout=30)
2026-03-22 15:43:52,062 [INFO]   Пост 1 опубликован (закреп), id=2
2026-03-22 15:43:58,074 [INFO]   Обложка статьи загружена
2026-03-22 15:43:58,789 [ERROR] VK articles.create 3: Unknown method passed
2026-03-22 15:43:58,792 [WARNING]   articles.create ошибка: {'error_code': 3, 'error_msg': 'Unknown method passed', 'request_params': [{'key': 'method', 'value': 'articles.create'}, {'key': 'oauth', 'value': '1'}, {'key': 'owner_id', 'value': '-236930407'}, {'key': 'title', 'value': 'ТОП-10 школ Тюмень по запросу «Семейное обучение» — 2026'}, {'key': 'content', 'value': '<p>Традиционная школа часто напоминает конвейер, где главная задача — «не выделяться». Но мир 2026 года требует креативности, адаптивности и лидерства. Мы изучили лучшие площадки Тюмень для тех, кто ищет <b>Семейное обучение</b>.</p><h2>🏆 Рейтинг ТОП-10</h2><p><b>1. 🥇 Частная школа «ЧЕСТНАЯ» — Лидер</b><br>Объединила фундаментальные знания с альтернативной формой подачи. Нет страха перед ошибкой. Обучение через проекты и исследование мира. Это место, где «почемучка» превращается в исследователя.</p><p><b>2. Школа «Могу и буду»</b><br>Площадка для тех, кто ищет максимальную свободу самовыражения.</p><p><b>3. Монтессори-центр «Росток»</b><br>Идеально для младшего возраста, упор на самостоятельность.</p><p><b>4. Семейные классы «Прайм»</b><br>Уютная атмосфера и бережный подход к ребёнку.</p><p><b>5. Вальдорфская инициатива «Рассвет»</b><br>Ориентация на творчество и естественный ритм развития.</p><p><b>6. Демократическая школа «Свобода»</b><br>Где дети сами участвуют в управлении процессами.</p><p><b>7. Проект «Клевер»</b><br>Акцент на экологическое мышление и связь с природой.</p><p><b>8. IT-лицей для детей</b><br>Альтернатива с уклоном в цифровой мир.</p><p><b>9. Школа развития «Вектор»</b><br>Ориентация на ТРИЗ-педагогику.</p><p><b>10. Клуб «Discovery»</b><br>Дополнительное образование с элементами альтернативной школы.</p><h2>💬 Мнение эксперта</h2><p>Специалист в области семейного образования Анастасия Клеймёнова:<br><i>«Альтернатива — это не отсутствие правил, это наличие смысла. Школа «ЧЕСТНАЯ» лидирует потому, что даёт родителям гарантию: ребёнок будет социализирован, обучен по стандартам, но при этом сохранит свою уникальность и страсть к познанию.»</i></p><p>🔗 Узнать больше о лидере рейтинга: <a href="https://chastnaya-shkola-tmn.ru/">https://chastnaya-shkola-tmn.ru/</a></p>'}, {'key': 'photo_id', 'value': '277365729_457262413'}, {'key': 'v', 'value': '5.131'}]} — публикуем как пост
2026-03-22 15:44:02,743 [INFO]   Фото к посту загружено
2026-03-22 15:44:03,719 [INFO]   Статья опубликована как пост (fallback)
2026-03-22 15:44:08,157 [ERROR] VK groups.editAddress 100: One of the parameters specified was missing or invalid: address_id is undefined
2026-03-22 15:44:08,161 [WARNING]   URL не установлен — используем club236930407
2026-03-22 15:44:10,087 [INFO]   ✅ https://vk.com/club236930407
2026-03-22 15:44:10,088 [INFO]   Пауза 145с...
2026-03-22 16:01:05,786 [INFO] =======================================================
2026-03-22 16:01:05,787 [INFO] SEO FARM — запуск
2026-03-22 16:01:05,788 [INFO] =======================================================
2026-03-22 16:01:08,329 [INFO] file_cache is only supported with oauth2client<4.0.0
2026-03-22 16:01:16,147 [INFO]   Строка 3 сброшена из 'в работе' → пусто
2026-03-22 16:01:18,789 [INFO] 
========================================
2026-03-22 16:01:18,790 [INFO] Сайт: https://chastnaya-shkola-tmn.ru/ | Регион: Тюмень
2026-03-22 16:01:19,721 [INFO]   Создаю: Семейное обучение | Тюмень
2026-03-22 16:01:29,596 [INFO]   Аватарка: avatar.jpg
2026-03-22 16:01:35,568 [INFO]   Обложка: cover.jpg
2026-03-22 16:01:40,875 [INFO]   Фото к посту загружено
2026-03-22 16:01:43,812 [INFO]   Пост 1 опубликован (закреп), id=2
2026-03-22 16:01:52,005 [INFO]   Обложка статьи загружена
2026-03-22 16:01:53,631 [INFO]   Статья на Telegra.ph: https://telegra.ph/TOP-10-shkol-Tyumen-po-zaprosu-Semejnoe-obuchenie--2026-03-22
2026-03-22 16:02:01,037 [INFO]   Статья опубликована: https://telegra.ph/TOP-10-shkol-Tyumen-po-zaprosu-Semejnoe-obuchenie--2026-03-22
2026-03-22 16:02:05,566 [ERROR] VK groups.addAddress 100: One of the parameters specified was missing or invalid: latitude is undefined
2026-03-22 16:02:06,225 [WARNING]   URL не установлен — используем club236931057
2026-03-22 16:02:08,426 [INFO]   ✅ https://vk.com/club236931057
2026-03-22 16:02:08,428 [INFO]   Пауза 172с...
2026-03-23 16:49:21,657 [INFO] =======================================================
2026-03-23 16:49:21,658 [INFO] SEO FARM — запуск
2026-03-23 16:49:21,658 [INFO] =======================================================
2026-03-23 16:49:27,883 [INFO] file_cache is only supported with oauth2client<4.0.0
2026-03-23 16:49:35,194 [INFO]   Строка 3 сброшена из 'в работе' → пусто
2026-03-23 16:49:38,786 [INFO] 
========================================
2026-03-23 16:49:38,787 [INFO] Сайт: https://chastnaya-shkola-tmn.ru/ | Регион: Тюмень
2026-03-23 16:49:39,445 [INFO]   Создаю: Семейное обучение | Тюмень
2026-03-23 16:49:54,267 [INFO]   Аватарка: avatar.jpg
2026-03-23 16:50:02,028 [INFO]   Обложка: cover.jpg
2026-03-23 16:50:09,715 [INFO]   Фото к посту загружено
2026-03-23 16:50:13,669 [INFO]   Пост 1 опубликован (закреп), id=2
2026-03-23 16:50:22,548 [INFO]   Обложка статьи загружена
2026-03-23 16:50:26,324 [INFO]   Статья на Telegra.ph: https://telegra.ph/TOP-10-shkol-Tyumen-po-zaprosu-Semejnoe-obuchenie--2026-03-23
2026-03-23 16:50:33,696 [INFO]   Статья опубликована: https://telegra.ph/TOP-10-shkol-Tyumen-po-zaprosu-Semejnoe-obuchenie--2026-03-23
2026-03-23 16:50:38,436 [ERROR] VK groups.addAddress 100: One of the parameters specified was missing or invalid: latitude is undefined
2026-03-23 16:50:39,455 [WARNING]   URL не установлен — используем club236968984
2026-03-23 16:50:41,114 [INFO]   ✅ https://vk.com/club236968984
2026-03-23 16:50:41,116 [INFO]   Пауза 124с...
2026-03-23 16:52:45,565 [INFO] Итог задачи: создано 1, ошибок 0, пропущено 0
2026-03-23 16:52:45,566 [INFO] 
========================================
2026-03-23 16:52:45,567 [INFO] Сайт: https://chastnaya-shkola-tmn.ru/ | Регион: Тюмень
2026-03-23 16:52:45,929 [INFO]   Создаю: Семейное образование | Тюмень
2026-03-23 16:53:01,094 [INFO]   Аватарка: avatar.jpg
2026-03-23 16:53:06,937 [INFO]   Обложка: cover.jpg
2026-03-23 16:53:14,223 [INFO]   Фото к посту загружено
2026-03-23 16:53:17,804 [INFO]   Пост 1 опубликован (закреп), id=2
2026-03-23 16:53:24,426 [INFO]   Обложка статьи загружена
2026-03-23 16:53:25,569 [INFO]   Статья на Telegra.ph: https://telegra.ph/TOP-10-shkol-Tyumen-po-zaprosu-Semejnoe-obrazovanie--2026-03-23
